{"/home/bigyan/Documents/Workspace/Code/cohort-2/week-3/01-middlewares/02-ratelimitter.js": {"path":"/home/bigyan/Documents/Workspace/Code/cohort-2/week-3/01-middlewares/02-ratelimitter.js","all":false,"statementMap":{"0":{"start":{"line":1,"column":0},"end":{"line":1,"column":37}},"1":{"start":{"line":2,"column":0},"end":{"line":2,"column":33}},"2":{"start":{"line":3,"column":0},"end":{"line":3,"column":35}},"3":{"start":{"line":4,"column":0},"end":{"line":4,"column":22}},"4":{"start":{"line":5,"column":0},"end":{"line":5,"column":67}},"5":{"start":{"line":6,"column":0},"end":{"line":6,"column":66}},"6":{"start":{"line":7,"column":0},"end":{"line":7,"column":67}},"7":{"start":{"line":8,"column":0},"end":{"line":8,"column":70}},"8":{"start":{"line":9,"column":0},"end":{"line":9,"column":32}},"9":{"start":{"line":10,"column":0},"end":{"line":10,"column":67}},"10":{"start":{"line":11,"column":0},"end":{"line":11,"column":79}},"11":{"start":{"line":12,"column":0},"end":{"line":12,"column":26}},"12":{"start":{"line":13,"column":0},"end":{"line":13,"column":0}},"13":{"start":{"line":14,"column":0},"end":{"line":14,"column":33}},"14":{"start":{"line":15,"column":0},"end":{"line":15,"column":0}},"15":{"start":{"line":16,"column":0},"end":{"line":16,"column":36}},"16":{"start":{"line":17,"column":0},"end":{"line":17,"column":49}},"17":{"start":{"line":18,"column":0},"end":{"line":18,"column":40}},"18":{"start":{"line":19,"column":0},"end":{"line":19,"column":0}},"19":{"start":{"line":20,"column":0},"end":{"line":20,"column":76}},"20":{"start":{"line":21,"column":0},"end":{"line":21,"column":15}},"21":{"start":{"line":22,"column":0},"end":{"line":22,"column":35}},"22":{"start":{"line":23,"column":0},"end":{"line":23,"column":43}},"23":{"start":{"line":24,"column":0},"end":{"line":24,"column":54}},"24":{"start":{"line":25,"column":0},"end":{"line":25,"column":12}},"25":{"start":{"line":26,"column":0},"end":{"line":26,"column":79}},"26":{"start":{"line":27,"column":0},"end":{"line":27,"column":53}},"27":{"start":{"line":28,"column":0},"end":{"line":28,"column":8}},"28":{"start":{"line":29,"column":0},"end":{"line":29,"column":56}},"29":{"start":{"line":30,"column":0},"end":{"line":30,"column":5}},"30":{"start":{"line":31,"column":0},"end":{"line":31,"column":0}},"31":{"start":{"line":32,"column":0},"end":{"line":32,"column":80}},"32":{"start":{"line":33,"column":0},"end":{"line":33,"column":53}},"33":{"start":{"line":34,"column":0},"end":{"line":34,"column":66}},"34":{"start":{"line":35,"column":0},"end":{"line":35,"column":5}},"35":{"start":{"line":36,"column":0},"end":{"line":36,"column":3}},"36":{"start":{"line":37,"column":0},"end":{"line":37,"column":0}},"37":{"start":{"line":38,"column":0},"end":{"line":38,"column":9}},"38":{"start":{"line":39,"column":0},"end":{"line":39,"column":2}},"39":{"start":{"line":40,"column":0},"end":{"line":40,"column":0}},"40":{"start":{"line":41,"column":0},"end":{"line":41,"column":53}},"41":{"start":{"line":42,"column":0},"end":{"line":42,"column":19}},"42":{"start":{"line":43,"column":0},"end":{"line":43,"column":31}},"43":{"start":{"line":44,"column":0},"end":{"line":44,"column":9}},"44":{"start":{"line":45,"column":0},"end":{"line":45,"column":0}},"45":{"start":{"line":46,"column":0},"end":{"line":46,"column":46}},"46":{"start":{"line":47,"column":0},"end":{"line":47,"column":29}},"47":{"start":{"line":48,"column":0},"end":{"line":48,"column":0}},"48":{"start":{"line":49,"column":0},"end":{"line":49,"column":37}},"49":{"start":{"line":50,"column":0},"end":{"line":50,"column":41}},"50":{"start":{"line":51,"column":0},"end":{"line":51,"column":3}},"51":{"start":{"line":52,"column":0},"end":{"line":52,"column":0}},"52":{"start":{"line":53,"column":0},"end":{"line":53,"column":38}},"53":{"start":{"line":54,"column":0},"end":{"line":54,"column":54}},"54":{"start":{"line":55,"column":0},"end":{"line":55,"column":3}},"55":{"start":{"line":56,"column":0},"end":{"line":56,"column":0}},"56":{"start":{"line":57,"column":0},"end":{"line":57,"column":21}}},"s":{"0":1,"1":1,"2":1,"3":1,"4":1,"5":1,"6":1,"7":1,"8":1,"9":1,"10":1,"11":1,"12":1,"13":1,"14":1,"15":1,"16":1,"17":13,"18":13,"19":13,"20":13,"21":13,"22":13,"23":2,"24":13,"25":11,"26":11,"27":11,"28":11,"29":11,"30":13,"31":13,"32":13,"33":7,"34":7,"35":13,"36":6,"37":6,"38":6,"39":1,"40":1,"41":1,"42":2,"43":1,"44":1,"45":1,"46":1,"47":1,"48":1,"49":6,"50":1,"51":1,"52":1,"53":0,"54":1,"55":1,"56":1},"branchMap":{"0":{"type":"branch","line":17,"loc":{"start":{"line":17,"column":28},"end":{"line":39,"column":2}},"locations":[{"start":{"line":17,"column":28},"end":{"line":39,"column":2}}]},"1":{"type":"branch","line":23,"loc":{"start":{"line":23,"column":42},"end":{"line":25,"column":5}},"locations":[{"start":{"line":23,"column":42},"end":{"line":25,"column":5}}]},"2":{"type":"branch","line":25,"loc":{"start":{"line":25,"column":5},"end":{"line":30,"column":5}},"locations":[{"start":{"line":25,"column":5},"end":{"line":30,"column":5}}]},"3":{"type":"branch","line":33,"loc":{"start":{"line":33,"column":52},"end":{"line":35,"column":5}},"locations":[{"start":{"line":33,"column":52},"end":{"line":35,"column":5}}]},"4":{"type":"branch","line":36,"loc":{"start":{"line":36,"column":2},"end":{"line":39,"column":2}},"locations":[{"start":{"line":36,"column":2},"end":{"line":39,"column":2}}]},"5":{"type":"branch","line":27,"loc":{"start":{"line":27,"column":9},"end":{"line":27,"column":53}},"locations":[{"start":{"line":27,"column":9},"end":{"line":27,"column":53}}]},"6":{"type":"branch","line":42,"loc":{"start":{"line":42,"column":12},"end":{"line":44,"column":3}},"locations":[{"start":{"line":42,"column":12},"end":{"line":44,"column":3}}]},"7":{"type":"branch","line":49,"loc":{"start":{"line":49,"column":17},"end":{"line":51,"column":2}},"locations":[{"start":{"line":49,"column":17},"end":{"line":51,"column":2}}]}},"b":{"0":[13],"1":[2],"2":[11],"3":[7],"4":[6],"5":[66],"6":[2],"7":[6]},"fnMap":{"0":{"name":"rateLimitMiddleware","decl":{"start":{"line":17,"column":28},"end":{"line":39,"column":2}},"loc":{"start":{"line":17,"column":28},"end":{"line":39,"column":2}},"line":17}},"f":{"0":13}}
}
