TN:
SF:02-ratelimitter.js
FN:17,rateLimitMiddleware
FNF:1
FNH:1
FNDA:13,rateLimitMiddleware
DA:1,1
DA:2,1
DA:3,1
DA:4,1
DA:5,1
DA:6,1
DA:7,1
DA:8,1
DA:9,1
DA:10,1
DA:11,1
DA:12,1
DA:13,1
DA:14,1
DA:15,1
DA:16,1
DA:17,1
DA:18,13
DA:19,13
DA:20,13
DA:21,13
DA:22,13
DA:23,13
DA:24,2
DA:25,13
DA:26,11
DA:27,11
DA:28,11
DA:29,11
DA:30,11
DA:31,13
DA:32,13
DA:33,13
DA:34,7
DA:35,7
DA:36,13
DA:37,6
DA:38,6
DA:39,6
DA:40,1
DA:41,1
DA:42,1
DA:43,2
DA:44,1
DA:45,1
DA:46,1
DA:47,1
DA:48,1
DA:49,1
DA:50,6
DA:51,1
DA:52,1
DA:53,1
DA:54,0
DA:55,1
DA:56,1
DA:57,1
LF:57
LH:56
BRDA:17,0,0,13
BRDA:23,1,0,2
BRDA:25,2,0,11
BRDA:33,3,0,7
BRDA:36,4,0,6
BRDA:27,5,0,66
BRDA:42,6,0,2
BRDA:49,7,0,6
BRF:8
BRH:8
end_of_record
